2021-01-22 10:58:32:软件路径：D:/qt/PC_TouchProject/touch/build-TouchTool-Desktop_Qt_5_7_0_MinGW_32bit-Debug/release
2021-01-22 10:58:32:@@@@@@@@@ tabWidth = 2.0
2021-01-22 10:58:32:设置为中文
2021-01-22 10:58:32:vid=0x14e1, pid=0x3500, path=col01, rid=0xcd, bootloader=0
2021-01-22 10:58:32:vid=0xaed7, pid=0x0013, path=col01, rid=0xcd, bootloader=0
2021-01-22 10:58:32:vid=0xaed7, pid=0xfedc, path=col01, rid=0xcd, bootloader=1
2021-01-22 10:58:34:TouchManager() this:0x9c38ae0
2021-01-22 10:58:34:start upgrade test command thread.
2021-01-22 10:58:34:TouchManager::TouchManager(): TestThread  = 0x9bd5060
2021-01-22 10:58:34:start hogplug service
2021-01-22 10:58:34:init TouchManager
2021-01-22 10:58:34:command thread running
2021-01-22 10:58:34:getInstance mTouchManager : 0x9c38ae0
2021-01-22 10:58:34:found 0
2021-01-22 10:58:34:hotplug thread running
2021-01-22 10:58:34:can not open upgrade file:No such file or directory
2021-01-22 10:58:34:aging time = 10
2021-01-22 10:58:34:hotplug thread run: 800
2021-01-22 10:59:44:Error: no device for sendData
2021-01-22 10:59:44:hotplug thread end
2021-01-22 10:59:44:command thread end
2021-01-22 10:59:44:free 0 devices
2021-01-22 10:59:44:upgradeThread and testThread and commandThread to be delete
2021-01-22 10:59:44:TouchTools end
2021-01-22 11:01:01:软件路径：D:/qt/PC_TouchProject/touch/build-TouchTool-Desktop_Qt_5_7_0_MinGW_32bit-Debug/release
2021-01-22 11:01:01:@@@@@@@@@ tabWidth = 2.0
2021-01-22 11:01:01:设置为中文
2021-01-22 11:01:01:vid=0x14e1, pid=0x3500, path=col01, rid=0xcd, bootloader=0
2021-01-22 11:01:01:vid=0xaed7, pid=0x0013, path=col01, rid=0xcd, bootloader=0
2021-01-22 11:01:01:vid=0xaed7, pid=0xfedc, path=col01, rid=0xcd, bootloader=1
2021-01-22 11:01:02:TouchManager() this:0x9aa2318
2021-01-22 11:01:02:start upgrade test command thread.
2021-01-22 11:01:02:TouchManager::TouchManager(): TestThread  = 0x9ac2070
2021-01-22 11:01:02:start hogplug service
2021-01-22 11:01:02:init TouchManager
2021-01-22 11:01:02:getInstance mTouchManager : 0x9aa2318
2021-01-22 11:01:02:command thread running
2021-01-22 11:01:02:found 0
2021-01-22 11:01:02:can not open upgrade file:No such file or directory
2021-01-22 11:01:02:hotplug thread running
2021-01-22 11:01:02:aging time = 10
2021-01-22 11:01:02:hotplug thread run: 800
2021-01-22 11:01:08:Error: no device for sendData
2021-01-22 11:01:08:hotplug thread end
2021-01-22 11:01:08:command thread end
2021-01-22 11:01:08:free 0 devices
2021-01-22 11:01:08:upgradeThread and testThread and commandThread to be delete
2021-01-22 11:01:08:TouchTools end
