2021-01-22 10:58:34:  升级模式:
2021-01-22 10:59:43:  关于界面
2021-01-22 11:01:02:  升级模式:
2021-01-22 11:01:04:  关于界面
2021-01-22 11:01:05:  升级模式:
2021-01-22 11:01:07:  关于界面
2021-01-23 12:41:41:  升级模式:
2021-01-23 12:41:41:  设置模式:
2021-01-23 12:41:42:setCoordsEnabled disenable Serial channel
2021-01-23 12:41:42:set successfully
2021-01-23 12:41:42:setCoordsEnabled disenable USB channel
2021-01-23 12:41:42:set successfully
2021-01-23 12:41:42:setCoordsEnabled enable Serial channel
2021-01-23 12:41:42:set successfully
2021-01-23 12:41:42:  设置 checked = true
2021-01-23 12:41:42:setCoordsEnabled enable USB channel
2021-01-23 12:41:42:set successfully
2021-01-23 12:41:42:  设置 checked = false
2021-01-23 12:41:42:setCoordsEnabled disenable USB channel
2021-01-23 12:41:42:set successfully
2021-01-23 12:41:42:setCoordsEnabled disenable Serial channel
2021-01-23 12:41:42:set successfully
2021-01-23 12:41:48:退出校准模式:
2021-01-23 12:41:48:setCoordsEnabled enable Serial channel
2021-01-23 12:41:48:set successfully
2021-01-23 12:41:48:setCoordsEnabled enable USB channel
2021-01-23 12:41:48:set successfully
2021-01-23 12:42:01:  升级模式:
2021-01-23 12:42:01:  设置模式:
2021-01-23 12:42:02:setCoordsEnabled disenable Serial channel
2021-01-23 12:42:02:set successfully
2021-01-23 12:42:02:setCoordsEnabled disenable USB channel
2021-01-23 12:42:02:set successfully
2021-01-23 12:42:03:setCoordsEnabled enable Serial channel
2021-01-23 12:42:03:set successfully
2021-01-23 12:42:03:  设置 checked = true
2021-01-23 12:42:03:setCoordsEnabled enable USB channel
2021-01-23 12:42:03:set successfully
2021-01-23 12:42:03:  设置 checked = false
2021-01-23 12:42:03:setCoordsEnabled disenable USB channel
2021-01-23 12:42:03:set successfully
2021-01-23 12:42:03:setCoordsEnabled disenable Serial channel
2021-01-23 12:42:03:set successfully
2021-01-23 12:42:17:退出校准模式:
2021-01-23 12:42:17:setCoordsEnabled enable Serial channel
2021-01-23 12:42:17:set successfully
2021-01-23 12:42:17:setCoordsEnabled enable USB channel
2021-01-23 12:42:17:set successfully
2021-01-23 12:42:44:  升级模式:
2021-01-23 12:42:44:  设置模式:
2021-01-23 12:43:14:setCoordsEnabled disenable Serial channel
2021-01-23 12:43:15:set successfully
2021-01-23 12:43:15:setCoordsEnabled disenable USB channel
2021-01-23 12:43:15:set successfully
2021-01-23 12:43:15:setCoordsEnabled enable Serial channel
2021-01-23 12:43:15:set successfully
2021-01-23 12:43:15:  设置 checked = true
2021-01-23 12:43:15:setCoordsEnabled enable USB channel
2021-01-23 12:43:15:set successfully
2021-01-23 12:43:15:  设置 checked = false
2021-01-23 12:43:15:setCoordsEnabled disenable USB channel
2021-01-23 12:43:15:set successfully
2021-01-23 12:43:15:setCoordsEnabled disenable Serial channel
2021-01-23 12:43:15:set successfully
2021-01-23 12:43:19:退出校准模式:
2021-01-23 12:43:19:setCoordsEnabled enable Serial channel
2021-01-23 12:43:19:set successfully
2021-01-23 12:43:19:setCoordsEnabled enable USB channel
2021-01-23 12:43:19:set successfully
2021-01-23 12:43:29:  升级模式:
2021-01-23 12:43:29:  设置模式:
2021-01-23 12:43:30:setCoordsEnabled disenable Serial channel
2021-01-23 12:43:30:set successfully
2021-01-23 12:43:30:setCoordsEnabled disenable USB channel
2021-01-23 12:43:30:set successfully
2021-01-23 12:43:30:setCoordsEnabled enable Serial channel
2021-01-23 12:43:30:set successfully
2021-01-23 12:43:30:  设置 checked = true
2021-01-23 12:43:30:setCoordsEnabled enable USB channel
2021-01-23 12:43:30:set successfully
2021-01-23 12:43:30:  设置 checked = false
2021-01-23 12:43:30:setCoordsEnabled disenable USB channel
2021-01-23 12:43:30:set successfully
2021-01-23 12:43:30:setCoordsEnabled disenable Serial channel
2021-01-23 12:43:30:set successfully
2021-01-23 12:43:33:退出校准模式:
2021-01-23 12:43:33:setCoordsEnabled enable Serial channel
2021-01-23 12:43:33:set successfully
2021-01-23 12:43:33:setCoordsEnabled enable USB channel
2021-01-23 12:43:33:set successfully
2021-01-23 12:43:45:  升级模式:
2021-01-23 12:43:46:  设置模式:
2021-01-23 12:43:47:setCoordsEnabled disenable Serial channel
2021-01-23 12:43:47:set successfully
2021-01-23 12:43:47:setCoordsEnabled disenable USB channel
2021-01-23 12:43:47:set successfully
2021-01-23 12:43:47:setCoordsEnabled enable Serial channel
2021-01-23 12:43:47:set successfully
2021-01-23 12:43:47:  设置 checked = true
2021-01-23 12:43:47:setCoordsEnabled enable USB channel
2021-01-23 12:43:47:set successfully
2021-01-23 12:43:47:  设置 checked = false
2021-01-23 12:43:47:setCoordsEnabled disenable USB channel
2021-01-23 12:43:47:set successfully
2021-01-23 12:43:47:setCoordsEnabled disenable Serial channel
2021-01-23 12:43:47:set successfully
2021-01-23 12:43:54:退出校准模式:
2021-01-23 12:43:54:setCoordsEnabled enable Serial channel
2021-01-23 12:43:54:set successfully
2021-01-23 12:43:54:setCoordsEnabled enable USB channel
2021-01-23 12:43:54:set successfully
2021-01-23 12:44:35:  升级模式:
2021-01-23 12:44:35:  设置模式:
2021-01-23 12:44:56:setCoordsEnabled disenable Serial channel
2021-01-23 12:44:56:set successfully
2021-01-23 12:44:56:setCoordsEnabled disenable USB channel
2021-01-23 12:44:56:set successfully
2021-01-23 12:44:56:setCoordsEnabled enable Serial channel
2021-01-23 12:44:56:set successfully
2021-01-23 12:44:56:  设置 checked = true
2021-01-23 12:44:56:setCoordsEnabled enable USB channel
2021-01-23 12:44:56:set successfully
2021-01-23 12:44:56:  设置 checked = false
2021-01-23 12:44:56:setCoordsEnabled disenable USB channel
2021-01-23 12:44:56:set successfully
2021-01-23 12:44:56:setCoordsEnabled disenable Serial channel
2021-01-23 12:44:56:set successfully
2021-01-23 12:45:07:退出校准模式:
2021-01-23 12:45:07:setCoordsEnabled enable Serial channel
2021-01-23 12:45:07:set successfully
2021-01-23 12:45:07:setCoordsEnabled enable USB channel
2021-01-23 12:45:07:set successfully
2021-01-23 12:55:05:  升级模式:
2021-01-23 12:56:06:  设置模式:
2021-01-23 12:56:07:setCoordsEnabled enable Serial channel
2021-01-23 12:56:07:set successfully
2021-01-23 12:56:07:  设置 checked = true
2021-01-23 12:56:07:setCoordsEnabled enable USB channel
2021-01-23 12:56:07:set successfully
2021-01-23 12:56:11:  校准模式
2021-01-23 12:56:11:setCoordsEnabled disenable Serial channel
2021-01-23 12:56:11:set successfully
2021-01-23 12:56:11:setCoordsEnabled disenable USB channel
2021-01-23 12:56:11:set successfully
2021-01-23 12:56:42:退出校准模式:
2021-01-23 12:56:42:setCoordsEnabled enable Serial channel
2021-01-23 12:56:42:set successfully
2021-01-23 12:56:42:setCoordsEnabled enable USB channel
2021-01-23 12:56:42:set successfully
2021-01-23 12:57:21:  升级模式:
2021-01-23 12:57:27:  关于界面
2021-01-23 12:57:59:  升级模式:
2021-01-23 13:06:57:  升级模式:
2021-01-23 13:06:58:  设置模式:
2021-01-23 13:06:58:setCoordsEnabled enable Serial channel
2021-01-23 13:06:58:set successfully
2021-01-23 13:06:58:  设置 checked = true
2021-01-23 13:06:58:setCoordsEnabled enable USB channel
2021-01-23 13:06:58:set successfully
2021-01-23 13:07:00:  校准模式
2021-01-23 13:07:00:setCoordsEnabled disenable Serial channel
2021-01-23 13:07:00:set successfully
2021-01-23 13:07:00:setCoordsEnabled disenable USB channel
2021-01-23 13:07:00:set successfully
2021-01-23 13:07:29:退出校准模式:
2021-01-23 13:07:29:setCoordsEnabled enable Serial channel
2021-01-23 13:07:29:set successfully
2021-01-23 13:07:29:setCoordsEnabled enable USB channel
2021-01-23 13:07:29:set successfully
2021-01-23 13:07:51:  升级模式:
2021-01-23 13:08:46:  设置模式:
2021-01-23 13:08:47:  校准模式
2021-01-23 13:08:47:setCoordsEnabled disenable Serial channel
2021-01-23 13:08:47:set successfully
2021-01-23 13:08:47:setCoordsEnabled disenable USB channel
2021-01-23 13:08:47:set successfully
2021-01-23 13:08:53:退出校准模式:
2021-01-23 13:08:53:setCoordsEnabled enable Serial channel
2021-01-23 13:08:53:set successfully
2021-01-23 13:08:53:setCoordsEnabled enable USB channel
2021-01-23 13:08:53:set successfully
2021-01-23 13:09:10:  升级模式:
2021-01-23 13:09:37:  设置模式:
2021-01-23 13:09:37:setCoordsEnabled enable Serial channel
2021-01-23 13:09:37:set successfully
2021-01-23 13:09:37:  设置 checked = true
2021-01-23 13:09:37:setCoordsEnabled enable USB channel
2021-01-23 13:09:37:set successfully
2021-01-23 13:09:39:  校准模式
2021-01-23 13:09:39:setCoordsEnabled disenable Serial channel
2021-01-23 13:09:39:set successfully
2021-01-23 13:09:39:setCoordsEnabled disenable USB channel
2021-01-23 13:09:39:set successfully
2021-01-23 13:09:42:退出校准模式:
2021-01-23 13:09:42:setCoordsEnabled enable Serial channel
2021-01-23 13:09:42:set successfully
2021-01-23 13:09:42:setCoordsEnabled enable USB channel
2021-01-23 13:09:42:set successfully
2021-01-23 13:10:38:  升级模式:
2021-01-23 13:10:40:  设置模式:
2021-01-23 13:10:40:setCoordsEnabled enable Serial channel
2021-01-23 13:10:40:set successfully
2021-01-23 13:10:40:  设置 checked = true
2021-01-23 13:10:40:setCoordsEnabled enable USB channel
2021-01-23 13:10:40:set successfully
2021-01-23 14:54:09:  升级模式:
2021-01-23 14:54:12:  关于界面
2021-01-23 14:54:15:  升级模式:
2021-01-23 14:54:16:  设置模式:
2021-01-23 14:54:16:setCoordsEnabled enable Serial channel
2021-01-23 14:54:16:set successfully
2021-01-23 14:54:16:  设置 checked = true
2021-01-23 14:54:16:setCoordsEnabled enable USB channel
2021-01-23 14:54:16:set successfully
2021-01-23 14:55:13:  升级模式:
2021-01-23 14:55:13:  设置模式:
2021-01-23 14:55:14:setCoordsEnabled enable Serial channel
2021-01-23 14:55:14:set successfully
2021-01-23 14:55:14:  设置 checked = true
2021-01-23 14:55:14:setCoordsEnabled enable USB channel
2021-01-23 14:55:14:set successfully
2021-01-23 14:55:21:  校准模式
2021-01-23 14:55:21:setCoordsEnabled disenable Serial channel
2021-01-23 14:55:21:set successfully
2021-01-23 14:55:21:setCoordsEnabled disenable USB channel
2021-01-23 14:55:21:set successfully
2021-01-23 14:55:23:退出校准模式:
2021-01-23 14:55:23:setCoordsEnabled enable Serial channel
2021-01-23 14:55:23:set successfully
2021-01-23 14:55:23:setCoordsEnabled enable USB channel
2021-01-23 14:55:23:set successfully
2021-01-23 14:56:04:  升级模式:
2021-01-23 14:56:04:  设置模式:
2021-01-23 14:56:05:setCoordsEnabled enable Serial channel
2021-01-23 14:56:05:set successfully
2021-01-23 14:56:05:  设置 checked = true
2021-01-23 14:56:05:setCoordsEnabled enable USB channel
2021-01-23 14:56:05:set successfully
2021-01-23 15:28:03:  升级模式:
2021-01-23 15:28:04:  设置模式:
2021-01-23 15:28:04:setCoordsEnabled enable Serial channel
2021-01-23 15:28:04:set successfully
2021-01-23 15:28:04:  设置 checked = true
2021-01-23 15:28:04:setCoordsEnabled enable USB channel
2021-01-23 15:28:04:set successfully
2021-01-23 15:28:05:setCoordsEnabled disenable Serial channel
2021-01-23 15:28:05:set successfully
2021-01-23 15:28:05:setCoordsEnabled disenable USB channel
2021-01-23 15:28:05:set successfully
2021-01-23 15:28:05:  设置 checked = false
2021-01-23 15:28:05:setCoordsEnabled disenable USB channel
2021-01-23 15:28:05:set successfully
2021-01-23 15:28:05:setCoordsEnabled disenable Serial channel
2021-01-23 15:28:05:set successfully
2021-01-23 15:28:08:退出校准模式:
2021-01-23 15:28:08:setCoordsEnabled enable Serial channel
2021-01-23 15:28:09:set successfully
2021-01-23 15:28:09:setCoordsEnabled enable USB channel
2021-01-23 15:28:09:set successfully
2021-01-23 15:34:54:  升级模式:
2021-01-23 15:34:54:  设置模式:
2021-01-23 15:34:55:setCoordsEnabled disenable Serial channel
2021-01-23 15:34:55:set successfully
2021-01-23 15:34:55:setCoordsEnabled disenable USB channel
2021-01-23 15:34:55:set successfully
2021-01-23 15:34:56:setCoordsEnabled enable Serial channel
2021-01-23 15:34:56:set successfully
2021-01-23 15:34:56:  设置 checked = true
2021-01-23 15:34:56:setCoordsEnabled enable USB channel
2021-01-23 15:34:56:set successfully
2021-01-23 15:34:56:  设置 checked = false
2021-01-23 15:34:56:setCoordsEnabled disenable USB channel
2021-01-23 15:34:56:set successfully
2021-01-23 15:34:56:setCoordsEnabled disenable Serial channel
2021-01-23 15:34:56:set successfully
2021-01-23 15:35:20:  升级模式:
2021-01-23 15:35:20:  设置模式:
2021-01-23 15:35:21:setCoordsEnabled disenable Serial channel
2021-01-23 15:35:21:set successfully
2021-01-23 15:35:21:setCoordsEnabled disenable USB channel
2021-01-23 15:35:21:set successfully
2021-01-23 15:35:21:setCoordsEnabled enable Serial channel
2021-01-23 15:35:21:set successfully
2021-01-23 15:35:21:  设置 checked = true
2021-01-23 15:35:21:setCoordsEnabled enable USB channel
2021-01-23 15:35:21:set successfully
2021-01-23 15:35:21:  设置 checked = false
2021-01-23 15:35:21:setCoordsEnabled disenable USB channel
2021-01-23 15:35:21:set successfully
2021-01-23 15:35:21:setCoordsEnabled disenable Serial channel
2021-01-23 15:35:21:set successfully
2021-01-23 15:39:14:  升级模式:
2021-01-23 15:39:16:  设置模式:
2021-01-23 15:39:16:setCoordsEnabled enable Serial channel
2021-01-23 15:39:16:set successfully
2021-01-23 15:39:16:  设置 checked = true
2021-01-23 15:39:16:setCoordsEnabled enable USB channel
2021-01-23 15:39:16:set successfully
2021-01-23 15:39:16:  设置 checked = false
2021-01-23 15:39:16:setCoordsEnabled disenable USB channel
2021-01-23 15:39:16:set successfully
2021-01-23 15:39:16:setCoordsEnabled disenable Serial channel
2021-01-23 15:39:16:set successfully
2021-01-23 15:39:18:  关于界面
2021-01-23 15:39:19:  升级模式:
2021-01-23 15:39:46:  升级模式:
2021-01-23 15:39:46:  设置模式:
2021-01-23 15:39:47:setCoordsEnabled disenable Serial channel
2021-01-23 15:39:47:set successfully
2021-01-23 15:39:47:setCoordsEnabled disenable USB channel
2021-01-23 15:39:47:set successfully
2021-01-23 15:39:48:setCoordsEnabled enable Serial channel
2021-01-23 15:39:48:set successfully
2021-01-23 15:39:48:  设置 checked = true
2021-01-23 15:39:48:setCoordsEnabled enable USB channel
2021-01-23 15:39:48:set successfully
2021-01-23 15:39:48:  设置 checked = false
2021-01-23 15:39:48:setCoordsEnabled disenable USB channel
2021-01-23 15:39:48:set successfully
2021-01-23 15:39:48:setCoordsEnabled disenable Serial channel
2021-01-23 15:39:48:set successfully
2021-01-23 15:42:52:  升级模式:
2021-01-23 15:42:52:  设置模式:
2021-01-23 15:42:54:setCoordsEnabled disenable Serial channel
2021-01-23 15:42:54:set successfully
2021-01-23 15:42:54:setCoordsEnabled disenable USB channel
2021-01-23 15:42:54:set successfully
2021-01-23 15:42:54:setCoordsEnabled enable Serial channel
2021-01-23 15:42:54:set successfully
2021-01-23 15:42:54:  设置 checked = true
2021-01-23 15:42:54:setCoordsEnabled enable USB channel
2021-01-23 15:42:54:set successfully
2021-01-23 15:42:54:  设置 checked = false
2021-01-23 15:42:54:setCoordsEnabled disenable USB channel
2021-01-23 15:42:54:set successfully
2021-01-23 15:42:54:setCoordsEnabled disenable Serial channel
2021-01-23 15:42:54:set successfully
2021-01-23 15:42:58:退出校准模式:
2021-01-23 15:42:58:setCoordsEnabled enable Serial channel
2021-01-23 15:42:58:set successfully
2021-01-23 15:42:58:setCoordsEnabled enable USB channel
2021-01-23 15:42:58:set successfully
2021-01-23 15:43:08:  升级模式:
2021-01-23 15:43:08:  设置模式:
2021-01-23 15:43:09:setCoordsEnabled disenable Serial channel
2021-01-23 15:43:09:set successfully
2021-01-23 15:43:09:setCoordsEnabled disenable USB channel
2021-01-23 15:43:09:set successfully
2021-01-23 15:43:09:setCoordsEnabled enable Serial channel
2021-01-23 15:43:09:set successfully
2021-01-23 15:43:09:  设置 checked = true
2021-01-23 15:43:09:setCoordsEnabled enable USB channel
2021-01-23 15:43:09:set successfully
2021-01-23 15:43:09:  设置 checked = false
2021-01-23 15:43:09:setCoordsEnabled disenable USB channel
2021-01-23 15:43:09:set successfully
2021-01-23 15:43:09:setCoordsEnabled disenable Serial channel
2021-01-23 15:43:09:set successfully
2021-01-23 15:43:21:退出校准模式:
2021-01-23 15:43:21:setCoordsEnabled enable Serial channel
2021-01-23 15:43:21:set successfully
2021-01-23 15:43:21:setCoordsEnabled enable USB channel
2021-01-23 15:43:21:set successfully
2021-01-23 15:47:17:  升级模式:
2021-01-23 15:47:17:  设置模式:
2021-01-23 15:47:17:setCoordsEnabled disenable Serial channel
2021-01-23 15:47:17:set successfully
2021-01-23 15:47:17:setCoordsEnabled disenable USB channel
2021-01-23 15:47:17:set successfully
2021-01-23 15:47:17:setCoordsEnabled enable Serial channel
2021-01-23 15:47:17:set successfully
2021-01-23 15:47:17:  设置 checked = true
2021-01-23 15:47:17:setCoordsEnabled enable USB channel
2021-01-23 15:47:17:set successfully
2021-01-23 15:47:17:  设置 checked = false
2021-01-23 15:47:17:setCoordsEnabled disenable USB channel
2021-01-23 15:47:17:set successfully
2021-01-23 15:47:17:setCoordsEnabled disenable Serial channel
2021-01-23 15:47:17:set successfully
2021-01-23 15:47:25:退出校准模式:
2021-01-23 15:47:25:setCoordsEnabled enable Serial channel
2021-01-23 15:47:25:set successfully
2021-01-23 15:47:25:setCoordsEnabled enable USB channel
2021-01-23 15:47:25:set successfully
2021-01-23 15:47:33:  升级模式:
2021-01-23 15:47:33:  设置模式:
2021-01-23 15:47:33:setCoordsEnabled disenable Serial channel
2021-01-23 15:47:33:set successfully
2021-01-23 15:47:33:setCoordsEnabled disenable USB channel
2021-01-23 15:47:33:set successfully
2021-01-23 15:47:33:setCoordsEnabled enable Serial channel
2021-01-23 15:47:33:set successfully
2021-01-23 15:47:33:  设置 checked = true
2021-01-23 15:47:33:setCoordsEnabled enable USB channel
2021-01-23 15:47:33:set successfully
2021-01-23 15:47:33:  设置 checked = false
2021-01-23 15:47:33:setCoordsEnabled disenable USB channel
2021-01-23 15:47:33:set successfully
2021-01-23 15:47:33:setCoordsEnabled disenable Serial channel
2021-01-23 15:47:33:set successfully
2021-01-23 15:47:35:退出校准模式:
2021-01-23 15:47:35:setCoordsEnabled enable Serial channel
2021-01-23 15:47:35:set successfully
2021-01-23 15:47:35:setCoordsEnabled enable USB channel
2021-01-23 15:47:35:set successfully
2021-01-23 15:47:46:  升级模式:
2021-01-23 15:47:46:  设置模式:
2021-01-23 15:47:46:setCoordsEnabled disenable Serial channel
2021-01-23 15:47:46:set successfully
2021-01-23 15:47:46:setCoordsEnabled disenable USB channel
2021-01-23 15:47:46:set successfully
2021-01-23 15:47:46:setCoordsEnabled enable Serial channel
2021-01-23 15:47:46:set successfully
2021-01-23 15:47:46:  设置 checked = true
2021-01-23 15:47:46:setCoordsEnabled enable USB channel
2021-01-23 15:47:46:set successfully
2021-01-23 15:47:46:  设置 checked = false
2021-01-23 15:47:46:setCoordsEnabled disenable USB channel
2021-01-23 15:47:46:set successfully
2021-01-23 15:47:46:setCoordsEnabled disenable Serial channel
2021-01-23 15:47:46:set successfully
2021-01-23 15:47:49:退出校准模式:
2021-01-23 15:47:49:setCoordsEnabled enable Serial channel
2021-01-23 15:47:49:set successfully
2021-01-23 15:47:49:setCoordsEnabled enable USB channel
2021-01-23 15:47:49:set successfully
2021-01-23 15:55:59:  升级模式:
2021-01-23 15:55:59:  设置模式:
2021-01-23 15:55:59:setCoordsEnabled disenable Serial channel
2021-01-23 15:55:59:set successfully
2021-01-23 15:55:59:setCoordsEnabled disenable USB channel
2021-01-23 15:55:59:set successfully
2021-01-23 15:55:59:setCoordsEnabled enable Serial channel
2021-01-23 15:55:59:set successfully
2021-01-23 15:55:59:  设置 checked = true
2021-01-23 15:55:59:setCoordsEnabled enable USB channel
2021-01-23 15:55:59:set successfully
2021-01-23 15:55:59:  设置 checked = false
2021-01-23 15:55:59:setCoordsEnabled disenable USB channel
2021-01-23 15:55:59:set successfully
2021-01-23 15:55:59:setCoordsEnabled disenable Serial channel
2021-01-23 15:55:59:set successfully
2021-01-23 15:56:02:退出校准模式:
2021-01-23 15:56:02:setCoordsEnabled enable Serial channel
2021-01-23 15:56:02:set successfully
2021-01-23 15:56:02:setCoordsEnabled enable USB channel
2021-01-23 15:56:02:set successfully
2021-01-23 15:56:15:  升级模式:
2021-01-23 15:56:15:  设置模式:
2021-01-23 15:56:28:  升级模式:
2021-01-23 15:56:28:  设置模式:
2021-01-23 15:56:29:setCoordsEnabled disenable Serial channel
2021-01-23 15:56:29:set successfully
2021-01-23 15:56:29:setCoordsEnabled disenable USB channel
2021-01-23 15:56:29:set successfully
2021-01-23 15:56:29:setCoordsEnabled enable Serial channel
2021-01-23 15:56:29:set successfully
2021-01-23 15:56:29:  设置 checked = true
2021-01-23 15:56:29:setCoordsEnabled enable USB channel
2021-01-23 15:56:29:set successfully
2021-01-23 15:56:29:  设置 checked = false
2021-01-23 15:56:29:setCoordsEnabled disenable USB channel
2021-01-23 15:56:29:set successfully
2021-01-23 15:56:29:setCoordsEnabled disenable Serial channel
2021-01-23 15:56:29:set successfully
2021-01-23 15:56:36:退出校准模式:
2021-01-23 15:56:36:setCoordsEnabled enable Serial channel
2021-01-23 15:56:36:set successfully
2021-01-23 15:56:36:setCoordsEnabled enable USB channel
2021-01-23 15:56:36:set successfully
2021-01-23 15:58:42:  升级模式:
2021-01-23 15:58:42:  设置模式:
2021-01-23 15:58:43:setCoordsEnabled disenable Serial channel
2021-01-23 15:58:43:set successfully
2021-01-23 15:58:43:setCoordsEnabled disenable USB channel
2021-01-23 15:58:43:set successfully
2021-01-23 15:58:43:setCoordsEnabled enable Serial channel
2021-01-23 15:58:43:set successfully
2021-01-23 15:58:43:  设置 checked = true
2021-01-23 15:58:43:setCoordsEnabled enable USB channel
2021-01-23 15:58:43:set successfully
2021-01-23 15:58:43:  设置 checked = false
2021-01-23 15:58:43:setCoordsEnabled disenable USB channel
2021-01-23 15:58:43:set successfully
2021-01-23 15:58:43:setCoordsEnabled disenable Serial channel
2021-01-23 15:58:43:set successfully
2021-01-23 15:58:47:退出校准模式:
2021-01-23 15:58:47:setCoordsEnabled enable Serial channel
2021-01-23 15:58:47:set successfully
2021-01-23 15:58:47:setCoordsEnabled enable USB channel
2021-01-23 15:58:47:set successfully
2021-01-23 16:05:34:  升级模式:
2021-01-23 16:05:34:  设置模式:
2021-01-23 16:05:34:setCoordsEnabled disenable Serial channel
2021-01-23 16:05:34:set successfully
2021-01-23 16:05:34:setCoordsEnabled disenable USB channel
2021-01-23 16:05:34:set successfully
2021-01-23 16:05:35:setCoordsEnabled enable Serial channel
2021-01-23 16:05:35:set successfully
2021-01-23 16:05:35:  设置 checked = true
2021-01-23 16:05:35:setCoordsEnabled enable USB channel
2021-01-23 16:05:35:set successfully
2021-01-23 16:05:35:  设置 checked = false
2021-01-23 16:05:35:setCoordsEnabled disenable USB channel
2021-01-23 16:05:35:set successfully
2021-01-23 16:05:35:setCoordsEnabled disenable Serial channel
2021-01-23 16:05:35:set successfully
2021-01-23 16:05:37:退出校准模式:
2021-01-23 16:05:37:setCoordsEnabled enable Serial channel
2021-01-23 16:05:37:set successfully
2021-01-23 16:05:37:setCoordsEnabled enable USB channel
2021-01-23 16:05:37:set successfully
2021-01-23 16:05:50:  升级模式:
2021-01-23 16:05:50:  设置模式:
2021-01-23 16:05:50:setCoordsEnabled disenable Serial channel
2021-01-23 16:05:50:set successfully
2021-01-23 16:05:50:setCoordsEnabled disenable USB channel
2021-01-23 16:05:50:set successfully
2021-01-23 16:05:51:setCoordsEnabled enable Serial channel
2021-01-23 16:05:51:set successfully
2021-01-23 16:05:51:  设置 checked = true
2021-01-23 16:05:51:setCoordsEnabled enable USB channel
2021-01-23 16:05:51:set successfully
2021-01-23 16:05:51:  设置 checked = false
2021-01-23 16:05:51:setCoordsEnabled disenable USB channel
2021-01-23 16:05:51:set successfully
2021-01-23 16:05:51:setCoordsEnabled disenable Serial channel
2021-01-23 16:05:51:set successfully
2021-01-23 16:05:52:退出校准模式:
2021-01-23 16:05:52:setCoordsEnabled enable Serial channel
2021-01-23 16:05:52:set successfully
2021-01-23 16:05:52:setCoordsEnabled enable USB channel
2021-01-23 16:05:52:set successfully
2021-01-23 16:06:41:  升级模式:
2021-01-23 16:06:41:  设置模式:
2021-01-23 16:06:41:setCoordsEnabled disenable Serial channel
2021-01-23 16:06:41:set successfully
2021-01-23 16:06:41:setCoordsEnabled disenable USB channel
2021-01-23 16:06:41:set successfully
2021-01-23 16:06:42:setCoordsEnabled enable Serial channel
2021-01-23 16:06:42:set successfully
2021-01-23 16:06:42:  设置 checked = true
2021-01-23 16:06:42:setCoordsEnabled enable USB channel
2021-01-23 16:06:42:set successfully
2021-01-23 16:06:42:  设置 checked = false
2021-01-23 16:06:42:setCoordsEnabled disenable USB channel
2021-01-23 16:06:42:set successfully
2021-01-23 16:06:42:setCoordsEnabled disenable Serial channel
2021-01-23 16:06:42:set successfully
2021-01-23 16:06:44:退出校准模式:
2021-01-23 16:06:44:setCoordsEnabled enable Serial channel
2021-01-23 16:06:44:set successfully
2021-01-23 16:06:44:setCoordsEnabled enable USB channel
2021-01-23 16:06:44:set successfully
2021-01-23 16:17:07:  升级模式:
2021-01-23 16:17:10:  关于界面
2021-01-23 16:17:11:  升级模式:
